<?xml version="1.0" encoding="UTF-8"?>
<!-- Generated by org.testng.reporters.JUnitXMLReporter -->
<testsuite ignored="0" hostname="APL-5CD042GZR1" failures="0" tests="2" name="Default test" time="21.492" errors="0" timestamp="2022-08-23T09:56:06 IST">
  <testcase classname="com.herokuapp.theinternet.NegativeTests" name="incorrectPaswordTest" time="14.663"/>
  <testcase classname="com.herokuapp.theinternet.NegativeTests" name="incorrectUsernameTest" time="6.742"/>
</testsuite> <!-- Default test -->
