<?xml version="1.0" encoding="UTF-8"?>
<testng-results ignored="0" total="1" passed="1" failed="0" skipped="0">
  <reporter-output>
  </reporter-output>
  <suite started-at="2022-08-19T06:10:18 IST" name="Surefire suite" finished-at="2022-08-19T06:10:28 IST" duration-ms="9369">
    <groups>
    </groups>
    <test started-at="2022-08-19T06:10:18 IST" name="Surefire test" finished-at="2022-08-19T06:10:28 IST" duration-ms="9369">
      <class name="com.herokuapp.theinternet.PositiveTests">
        <test-method signature="loginTest()[pri:0, instance:com.herokuapp.theinternet.PositiveTests@4c15e7fd]" started-at="2022-08-19T06:10:19 IST" name="loginTest" finished-at="2022-08-19T06:10:28 IST" duration-ms="9330" status="PASS">
          <reporter-output>
          </reporter-output>
        </test-method> <!-- loginTest -->
      </class> <!-- com.herokuapp.theinternet.PositiveTests -->
    </test> <!-- Surefire test -->
  </suite> <!-- Surefire suite -->
</testng-results>
