<?xml version="1.0" encoding="UTF-8"?>
<testng-results ignored="0" total="2" passed="2" failed="0" skipped="0">
  <reporter-output>
  </reporter-output>
  <suite started-at="2022-08-23T09:55:44 IST" name="Default suite" finished-at="2022-08-23T09:56:06 IST" duration-ms="21492">
    <groups>
    </groups>
    <test started-at="2022-08-23T09:55:44 IST" name="Default test" finished-at="2022-08-23T09:56:06 IST" duration-ms="21492">
      <class name="com.herokuapp.theinternet.NegativeTests">
        <test-method signature="incorrectPaswordTest()[pri:0, instance:com.herokuapp.theinternet.NegativeTests@294425a7]" started-at="2022-08-23T09:55:44 IST" name="incorrectPaswordTest" finished-at="2022-08-23T09:55:59 IST" duration-ms="14663" status="PASS">
          <reporter-output>
          </reporter-output>
        </test-method> <!-- incorrectPaswordTest -->
        <test-method signature="incorrectUsernameTest()[pri:0, instance:com.herokuapp.theinternet.NegativeTests@294425a7]" started-at="2022-08-23T09:55:59 IST" name="incorrectUsernameTest" finished-at="2022-08-23T09:56:06 IST" duration-ms="6742" status="PASS">
          <reporter-output>
          </reporter-output>
        </test-method> <!-- incorrectUsernameTest -->
      </class> <!-- com.herokuapp.theinternet.NegativeTests -->
    </test> <!-- Default test -->
  </suite> <!-- Default suite -->
</testng-results>
